{"level":"info","message":"app runs on port 8080","timestamp":"2017-06-02T09:07:42.122Z"}
{"level":"info","message":"app.get /sysadmin","timestamp":"2017-06-02T09:07:51.107Z"}
{"level":"info","message":"app.get /sysadmin/app_state","timestamp":"2017-06-02T09:07:53.090Z"}
{"level":"info","message":"app.get /sysadmin","timestamp":"2017-06-02T09:14:57.877Z"}
{"level":"info","message":"app.get /sysadmin/app_state","timestamp":"2017-06-02T09:14:59.320Z"}
{"message":"Server process failed! Reason:","stack":"ReferenceError: sql is not defined\n    at Object.module.exports.databaseConnection (/home/ianagez/IdeaProjects/sysadmin_ui_tests/dataBase.js:27:16)\n    at tryDBConnect (/home/ianagez/IdeaProjects/sysadmin_ui_tests/app.js:72:14)\n    at Object.<anonymous> (/home/ianagez/IdeaProjects/sysadmin_ui_tests/app.js:70:27)\n    at Module._compile (module.js:570:32)\n    at Object.Module._extensions..js (module.js:579:10)\n    at Module.load (module.js:487:32)\n    at tryModuleLoad (module.js:446:12)\n    at Function.Module._load (module.js:438:3)\n    at Module.runMain (module.js:604:10)\n    at run (bootstrap_node.js:393:7)","level":"error","timestamp":"2017-06-02T09:16:23.577Z"}
{"message":"Server process failed! Reason:","stack":"TypeError: sql.Connection is not a constructor\n    at Object.module.exports.databaseConnection (/home/ianagez/IdeaProjects/sysadmin_ui_tests/dataBase.js:27:12)\n    at tryDBConnect (/home/ianagez/IdeaProjects/sysadmin_ui_tests/app.js:72:14)\n    at Object.<anonymous> (/home/ianagez/IdeaProjects/sysadmin_ui_tests/app.js:70:27)\n    at Module._compile (module.js:570:32)\n    at Object.Module._extensions..js (module.js:579:10)\n    at Module.load (module.js:487:32)\n    at tryModuleLoad (module.js:446:12)\n    at Function.Module._load (module.js:438:3)\n    at Module.runMain (module.js:604:10)\n    at run (bootstrap_node.js:393:7)","level":"error","timestamp":"2017-06-02T09:18:39.818Z"}
{"level":"info","message":"app runs on port 8080","timestamp":"2017-06-02T09:25:55.598Z"}
{"level":"info","message":"app.get /sysadmin","timestamp":"2017-06-02T09:26:05.940Z"}
{"level":"info","message":"app.get /sysadmin/app_state","timestamp":"2017-06-02T09:26:07.497Z"}
{"level":"info","message":"app.get /sysadmin/startup_parameters","timestamp":"2017-06-02T09:26:14.357Z"}
{"level":"info","message":"app.get /sysadmin/startup_parameters/get_app_config","timestamp":"2017-06-02T09:26:15.098Z"}
{"level":"info","message":"app.get /sysadmin/reports_config","timestamp":"2017-06-02T09:26:19.875Z"}
{"level":"info","message":"app.get /sysadmin/startup_parameters","timestamp":"2017-06-02T09:26:22.943Z"}
{"level":"info","message":"app.get /sysadmin/startup_parameters/get_app_config","timestamp":"2017-06-02T09:26:22.989Z"}
{"level":"info","message":"app.get /sysadmin","timestamp":"2017-06-02T09:26:33.067Z"}
{"level":"info","message":"app.get /sysadmin/app_state","timestamp":"2017-06-02T09:26:34.525Z"}
{"level":"info","message":"app.get /sysadmin/startup_parameters","timestamp":"2017-06-02T09:26:35.886Z"}
{"level":"info","message":"app.get /sysadmin/startup_parameters/get_app_config","timestamp":"2017-06-02T09:26:36.233Z"}
{"level":"info","message":"app.get /sysadmin","timestamp":"2017-06-02T11:40:49.621Z"}
{"level":"info","message":"app.get /sysadmin/app_state","timestamp":"2017-06-02T11:40:51.618Z"}
{"level":"info","message":"app.get /sysadmin","timestamp":"2017-06-02T11:41:41.955Z"}
{"level":"info","message":"app.get /sysadmin/app_state","timestamp":"2017-06-02T11:41:43.178Z"}
{"level":"info","message":"app runs on port 8080","timestamp":"2017-06-07T08:59:42.028Z"}
{"level":"info","message":"app.get /sysadmin","timestamp":"2017-06-07T09:00:08.501Z"}
{"level":"info","message":"app.get /sysadmin/app_state","timestamp":"2017-06-07T09:00:10.340Z"}
{"level":"info","message":"app.get /sysadmin","timestamp":"2017-06-07T09:00:29.573Z"}
{"level":"info","message":"app.get /sysadmin/app_state","timestamp":"2017-06-07T09:00:31.996Z"}
{"level":"info","message":"app.get /sysadmin/reports_config","timestamp":"2017-06-07T09:00:37.045Z"}
{"level":"info","message":"app.get /sysadmin/startup_parameters","timestamp":"2017-06-07T09:00:38.096Z"}
{"level":"info","message":"app.get /sysadmin/startup_parameters/get_app_config","timestamp":"2017-06-07T09:00:38.599Z"}
{"level":"info","message":"app.get /sysadmin","timestamp":"2017-06-07T09:12:08.948Z"}
{"level":"info","message":"app.get /sysadmin/app_state","timestamp":"2017-06-07T09:12:10.296Z"}
{"level":"info","message":"app.get /sysadmin/startup_parameters","timestamp":"2017-06-07T09:19:57.772Z"}
{"level":"info","message":"app.get /sysadmin/startup_parameters/get_app_config","timestamp":"2017-06-07T09:19:57.993Z"}
{"level":"info","message":"app.get /sysadmin","timestamp":"2017-06-07T09:22:39.646Z"}
{"level":"info","message":"app.get /sysadmin/app_state","timestamp":"2017-06-07T09:22:40.843Z"}
{"level":"info","message":"app.get /sysadmin/startup_parameters","timestamp":"2017-06-07T09:22:41.323Z"}
{"level":"info","message":"app.get /sysadmin/startup_parameters/get_app_config","timestamp":"2017-06-07T09:22:41.693Z"}
{"message":"Server process failed! Reason:","stack":"Error: listen EADDRINUSE :::8080\n    at Object.exports._errnoException (util.js:1018:11)\n    at exports._exceptionWithHostPort (util.js:1041:20)\n    at Server._listen2 (net.js:1262:14)\n    at listen (net.js:1298:10)\n    at Server.listen (net.js:1394:5)\n    at EventEmitter.listen (/home/ianagez/IdeaProjects/sysadmin_ui_tests/node_modules/express/lib/application.js:618:24)\n    at Object.<anonymous> (/home/ianagez/IdeaProjects/sysadmin_ui_tests/app.js:316:5)\n    at Module._compile (module.js:570:32)\n    at Object.Module._extensions..js (module.js:579:10)\n    at Module.load (module.js:487:32)","code":"EADDRINUSE","errno":"EADDRINUSE","syscall":"listen","address":"::","port":8080,"level":"error","timestamp":"2017-06-07T10:16:15.369Z"}
{"level":"info","message":"app.get /sysadmin","timestamp":"2017-06-07T10:16:31.521Z"}
{"level":"info","message":"app.get /sysadmin/app_state","timestamp":"2017-06-07T10:16:32.802Z"}
{"message":"Server process failed! Reason:","stack":"Error: listen EADDRINUSE :::8080\n    at Object.exports._errnoException (util.js:1018:11)\n    at exports._exceptionWithHostPort (util.js:1041:20)\n    at Server._listen2 (net.js:1262:14)\n    at listen (net.js:1298:10)\n    at Server.listen (net.js:1394:5)\n    at EventEmitter.listen (/home/ianagez/IdeaProjects/sysadmin_ui_tests/node_modules/express/lib/application.js:618:24)\n    at Object.<anonymous> (/home/ianagez/IdeaProjects/sysadmin_ui_tests/app.js:316:5)\n    at Module._compile (module.js:570:32)\n    at Object.Module._extensions..js (module.js:579:10)\n    at Module.load (module.js:487:32)","code":"EADDRINUSE","errno":"EADDRINUSE","syscall":"listen","address":"::","port":8080,"level":"error","timestamp":"2017-06-07T11:44:00.609Z"}
{"message":"Server process failed! Reason:","stack":"Error: listen EADDRINUSE :::8080\n    at Object.exports._errnoException (util.js:1018:11)\n    at exports._exceptionWithHostPort (util.js:1041:20)\n    at Server._listen2 (net.js:1262:14)\n    at listen (net.js:1298:10)\n    at Server.listen (net.js:1394:5)\n    at EventEmitter.listen (/home/ianagez/IdeaProjects/sysadmin_ui_tests/node_modules/express/lib/application.js:618:24)\n    at Object.<anonymous> (/home/ianagez/IdeaProjects/sysadmin_ui_tests/app.js:316:5)\n    at Module._compile (module.js:570:32)\n    at Object.Module._extensions..js (module.js:579:10)\n    at Module.load (module.js:487:32)","code":"EADDRINUSE","errno":"EADDRINUSE","syscall":"listen","address":"::","port":8080,"level":"error","timestamp":"2017-06-07T11:44:26.046Z"}
{"level":"info","message":"app runs on port 8080","timestamp":"2017-06-07T11:45:09.465Z"}
{"level":"info","message":"app.get /sysadmin","timestamp":"2017-06-07T11:45:10.224Z"}
{"level":"info","message":"app.get /sysadmin/app_state","timestamp":"2017-06-07T11:45:12.194Z"}
{"level":"info","message":"app.get /sysadmin/startup_parameters","timestamp":"2017-06-07T11:45:21.509Z"}
{"level":"info","message":"app.get /sysadmin/startup_parameters/get_app_config","timestamp":"2017-06-07T11:45:21.997Z"}
{"level":"info","message":"app runs on port 8080","timestamp":"2017-06-07T11:49:35.246Z"}
{"level":"info","message":"app.get /sysadmin","timestamp":"2017-06-07T11:49:39.076Z"}
{"level":"info","message":"app.get /sysadmin/app_state","timestamp":"2017-06-07T11:49:40.636Z"}
{"level":"info","message":"app.get /sysadmin/startup_parameters","timestamp":"2017-06-07T11:49:42.004Z"}
{"level":"info","message":"app.get /sysadmin/startup_parameters/get_app_config","timestamp":"2017-06-07T11:49:42.257Z"}
{"level":"info","message":"app.get /sysadmin","timestamp":"2017-06-07T11:49:44.057Z"}
{"level":"info","message":"app.get /sysadmin/app_state","timestamp":"2017-06-07T11:49:45.516Z"}
{"level":"info","message":"app.get /sysadmin","timestamp":"2017-06-07T11:50:02.837Z"}
{"level":"info","message":"app.get /sysadmin/app_state","timestamp":"2017-06-07T11:50:04.180Z"}
{"level":"info","message":"app runs on port 8080","timestamp":"2017-06-07T11:51:04.945Z"}
{"level":"info","message":"app.get /sysadmin","timestamp":"2017-06-07T11:51:08.147Z"}
{"level":"info","message":"app.get /sysadmin/app_state","timestamp":"2017-06-07T11:51:09.991Z"}
{"level":"info","message":"app.get /sysadmin","timestamp":"2017-06-07T11:51:37.245Z"}
{"level":"info","message":"app.get /sysadmin/app_state","timestamp":"2017-06-07T11:51:38.645Z"}
{"level":"info","message":"app runs on port 8080","timestamp":"2017-06-07T11:52:26.828Z"}
{"level":"info","message":"app.get /sysadmin","timestamp":"2017-06-07T11:52:49.693Z"}
{"level":"info","message":"app.get /sysadmin/app_state","timestamp":"2017-06-07T11:52:51.103Z"}
{"level":"info","message":"app.get /sysadmin","timestamp":"2017-06-07T11:54:20.595Z"}
{"level":"info","message":"app.get /sysadmin/app_state","timestamp":"2017-06-07T11:54:21.956Z"}
{"level":"info","message":"app.get /sysadmin","timestamp":"2017-06-07T11:54:58.426Z"}
{"level":"info","message":"app.get /sysadmin/app_state","timestamp":"2017-06-07T11:54:59.578Z"}
{"level":"info","message":"app.get /sysadmin/startup_parameters","timestamp":"2017-06-07T11:55:00.772Z"}
{"level":"info","message":"app.get /sysadmin/startup_parameters/get_app_config","timestamp":"2017-06-07T11:55:01.171Z"}
{"level":"info","message":"app.get /sysadmin/startup_parameters","timestamp":"2017-06-07T11:55:28.806Z"}
{"level":"info","message":"app.get /sysadmin/startup_parameters/get_app_config","timestamp":"2017-06-07T11:55:29.185Z"}
{"message":"Server process failed! Reason:","stack":"Error: listen EADDRINUSE :::8080\n    at Object.exports._errnoException (util.js:1018:11)\n    at exports._exceptionWithHostPort (util.js:1041:20)\n    at Server._listen2 (net.js:1262:14)\n    at listen (net.js:1298:10)\n    at Server.listen (net.js:1394:5)\n    at EventEmitter.listen (/home/ianagez/IdeaProjects/sysadmin_ui_tests/node_modules/express/lib/application.js:618:24)\n    at Object.<anonymous> (/home/ianagez/IdeaProjects/sysadmin_ui_tests/app.js:316:5)\n    at Module._compile (module.js:570:32)\n    at Object.Module._extensions..js (module.js:579:10)\n    at Module.load (module.js:487:32)","code":"EADDRINUSE","errno":"EADDRINUSE","syscall":"listen","address":"::","port":8080,"level":"error","timestamp":"2017-06-07T12:41:39.022Z"}
{"level":"info","message":"app.get /sysadmin","timestamp":"2017-06-07T12:41:59.974Z"}
{"level":"info","message":"app.get /sysadmin/app_state","timestamp":"2017-06-07T12:42:01.413Z"}
{"level":"info","message":"app.get /sysadmin/startup_parameters","timestamp":"2017-06-07T12:42:02.599Z"}
{"level":"info","message":"app.get /sysadmin/startup_parameters/get_app_config","timestamp":"2017-06-07T12:42:02.974Z"}
{"level":"info","message":"app.get /sysadmin/startup_parameters/load_app_config","timestamp":"2017-06-07T12:45:44.934Z"}
{"level":"info","message":"app.get /sysadmin/app_state","timestamp":"2017-06-07T12:45:44.957Z"}
{"level":"info","message":"app.get /sysadmin","timestamp":"2017-06-07T12:46:54.434Z"}
{"level":"info","message":"app.get /sysadmin/app_state","timestamp":"2017-06-07T12:46:55.723Z"}
{"level":"info","message":"app.get /sysadmin/startup_parameters","timestamp":"2017-06-07T12:46:56.980Z"}
{"level":"info","message":"app.get /sysadmin/startup_parameters/get_app_config","timestamp":"2017-06-07T12:46:57.372Z"}
{"message":"Server process failed! Reason:","stack":"Error: listen EADDRINUSE :::8080\n    at Object.exports._errnoException (util.js:1018:11)\n    at exports._exceptionWithHostPort (util.js:1041:20)\n    at Server._listen2 (net.js:1262:14)\n    at listen (net.js:1298:10)\n    at Server.listen (net.js:1394:5)\n    at EventEmitter.listen (/home/ianagez/IdeaProjects/sysadmin_ui_tests/node_modules/express/lib/application.js:618:24)\n    at Object.<anonymous> (/home/ianagez/IdeaProjects/sysadmin_ui_tests/app.js:316:5)\n    at Module._compile (module.js:570:32)\n    at Object.Module._extensions..js (module.js:579:10)\n    at Module.load (module.js:487:32)","code":"EADDRINUSE","errno":"EADDRINUSE","syscall":"listen","address":"::","port":8080,"level":"error","timestamp":"2017-06-07T12:48:10.976Z"}
{"level":"info","message":"app.get /sysadmin","timestamp":"2017-06-07T12:48:28.899Z"}
{"level":"info","message":"app.get /sysadmin/app_state","timestamp":"2017-06-07T12:48:30.154Z"}
{"level":"info","message":"app.get /sysadmin/startup_parameters","timestamp":"2017-06-07T12:48:31.335Z"}
{"level":"info","message":"app.get /sysadmin/startup_parameters/get_app_config","timestamp":"2017-06-07T12:48:31.678Z"}
{"level":"info","message":"app.get /sysadmin","timestamp":"2017-06-07T12:53:14.256Z"}
{"level":"info","message":"app.get /sysadmin/app_state","timestamp":"2017-06-07T12:53:15.629Z"}
{"level":"info","message":"app.get /sysadmin/startup_parameters","timestamp":"2017-06-07T12:53:16.832Z"}
{"level":"info","message":"app.get /sysadmin/startup_parameters/get_app_config","timestamp":"2017-06-07T12:53:17.167Z"}
{"level":"info","message":"app.get /sysadmin","timestamp":"2017-06-07T12:54:22.647Z"}
{"level":"info","message":"app.get /sysadmin/app_state","timestamp":"2017-06-07T12:54:23.788Z"}
{"level":"info","message":"app.get /sysadmin/startup_parameters","timestamp":"2017-06-07T12:54:25.093Z"}
{"level":"info","message":"app.get /sysadmin/startup_parameters/get_app_config","timestamp":"2017-06-07T12:54:25.471Z"}
{"message":"Server process failed! Reason:","stack":"Error: listen EADDRINUSE :::8080\n    at Object.exports._errnoException (util.js:1018:11)\n    at exports._exceptionWithHostPort (util.js:1041:20)\n    at Server._listen2 (net.js:1262:14)\n    at listen (net.js:1298:10)\n    at Server.listen (net.js:1394:5)\n    at EventEmitter.listen (/home/ianagez/IdeaProjects/sysadmin_ui_tests/node_modules/express/lib/application.js:618:24)\n    at Object.<anonymous> (/home/ianagez/IdeaProjects/sysadmin_ui_tests/app.js:316:5)\n    at Module._compile (module.js:570:32)\n    at Object.Module._extensions..js (module.js:579:10)\n    at Module.load (module.js:487:32)","code":"EADDRINUSE","errno":"EADDRINUSE","syscall":"listen","address":"::","port":8080,"level":"error","timestamp":"2017-06-07T12:54:58.539Z"}
{"level":"info","message":"app.get /sysadmin","timestamp":"2017-06-07T12:55:12.077Z"}
{"level":"info","message":"app.get /sysadmin/app_state","timestamp":"2017-06-07T12:55:13.393Z"}
{"level":"info","message":"app.get /sysadmin/startup_parameters","timestamp":"2017-06-07T12:55:14.608Z"}
{"level":"info","message":"app.get /sysadmin/startup_parameters/get_app_config","timestamp":"2017-06-07T12:55:15.015Z"}
{"message":"Server process failed! Reason:","stack":"Error: listen EADDRINUSE :::8080\n    at Object.exports._errnoException (util.js:1018:11)\n    at exports._exceptionWithHostPort (util.js:1041:20)\n    at Server._listen2 (net.js:1262:14)\n    at listen (net.js:1298:10)\n    at Server.listen (net.js:1394:5)\n    at EventEmitter.listen (/home/ianagez/IdeaProjects/sysadmin_ui_tests/node_modules/express/lib/application.js:618:24)\n    at Object.<anonymous> (/home/ianagez/IdeaProjects/sysadmin_ui_tests/app.js:316:5)\n    at Module._compile (module.js:570:32)\n    at Object.Module._extensions..js (module.js:579:10)\n    at Module.load (module.js:487:32)","code":"EADDRINUSE","errno":"EADDRINUSE","syscall":"listen","address":"::","port":8080,"level":"error","timestamp":"2017-06-07T12:57:04.875Z"}
{"level":"info","message":"app.get /sysadmin","timestamp":"2017-06-07T12:57:16.965Z"}
{"level":"info","message":"app.get /sysadmin/app_state","timestamp":"2017-06-07T12:57:18.133Z"}
{"level":"info","message":"app.get /sysadmin/startup_parameters","timestamp":"2017-06-07T12:57:19.336Z"}
{"level":"info","message":"app.get /sysadmin/startup_parameters/get_app_config","timestamp":"2017-06-07T12:57:19.715Z"}
{"level":"info","message":"app.get /sysadmin","timestamp":"2017-06-07T13:00:36.047Z"}
{"level":"info","message":"app.get /sysadmin/app_state","timestamp":"2017-06-07T13:00:37.355Z"}
{"level":"info","message":"app.get /sysadmin/startup_parameters","timestamp":"2017-06-07T13:00:38.589Z"}
{"level":"info","message":"app.get /sysadmin/startup_parameters/get_app_config","timestamp":"2017-06-07T13:00:38.906Z"}
{"level":"info","message":"app.get /sysadmin","timestamp":"2017-06-07T13:01:52.817Z"}
{"level":"info","message":"app.get /sysadmin/app_state","timestamp":"2017-06-07T13:01:54.122Z"}
{"level":"info","message":"app.get /sysadmin/startup_parameters","timestamp":"2017-06-07T13:01:54.527Z"}
{"level":"info","message":"app.get /sysadmin/startup_parameters/get_app_config","timestamp":"2017-06-07T13:01:54.878Z"}
{"level":"info","message":"app.get /sysadmin","timestamp":"2017-06-07T13:02:28.819Z"}
{"level":"info","message":"app.get /sysadmin/app_state","timestamp":"2017-06-07T13:02:30.085Z"}
{"level":"info","message":"app.get /sysadmin/startup_parameters","timestamp":"2017-06-07T13:02:30.477Z"}
{"level":"info","message":"app.get /sysadmin/startup_parameters/get_app_config","timestamp":"2017-06-07T13:02:30.810Z"}
{"level":"info","message":"app.get /sysadmin","timestamp":"2017-06-07T13:02:51.474Z"}
{"level":"info","message":"app.get /sysadmin/app_state","timestamp":"2017-06-07T13:02:52.663Z"}
{"level":"info","message":"app.get /sysadmin/startup_parameters","timestamp":"2017-06-07T13:02:53.079Z"}
{"level":"info","message":"app.get /sysadmin/startup_parameters/get_app_config","timestamp":"2017-06-07T13:02:53.483Z"}
{"level":"info","message":"app.get /sysadmin","timestamp":"2017-06-07T13:03:39.130Z"}
{"level":"info","message":"app.get /sysadmin/app_state","timestamp":"2017-06-07T13:03:40.372Z"}
{"level":"info","message":"app.get /sysadmin/startup_parameters","timestamp":"2017-06-07T13:03:40.786Z"}
{"level":"info","message":"app.get /sysadmin/startup_parameters/get_app_config","timestamp":"2017-06-07T13:03:41.121Z"}
{"level":"info","message":"app.get /sysadmin","timestamp":"2017-06-07T13:14:14.705Z"}
{"level":"info","message":"app.get /sysadmin/app_state","timestamp":"2017-06-07T13:14:15.981Z"}
{"level":"info","message":"app.get /sysadmin/startup_parameters","timestamp":"2017-06-07T13:14:16.389Z"}
{"level":"info","message":"app.get /sysadmin/startup_parameters/get_app_config","timestamp":"2017-06-07T13:14:16.786Z"}
{"message":"Server process failed! Reason:","stack":"Error: listen EADDRINUSE :::8080\n    at Object.exports._errnoException (util.js:1018:11)\n    at exports._exceptionWithHostPort (util.js:1041:20)\n    at Server._listen2 (net.js:1262:14)\n    at listen (net.js:1298:10)\n    at Server.listen (net.js:1394:5)\n    at EventEmitter.listen (/home/ianagez/IdeaProjects/sysadmin_ui_tests/node_modules/express/lib/application.js:618:24)\n    at Object.<anonymous> (/home/ianagez/IdeaProjects/sysadmin_ui_tests/app.js:316:5)\n    at Module._compile (module.js:570:32)\n    at Object.Module._extensions..js (module.js:579:10)\n    at Module.load (module.js:487:32)","code":"EADDRINUSE","errno":"EADDRINUSE","syscall":"listen","address":"::","port":8080,"level":"error","timestamp":"2017-06-07T13:23:50.424Z"}
{"message":"Server process failed! Reason:","stack":"Error: listen EADDRINUSE :::8080\n    at Object.exports._errnoException (util.js:1018:11)\n    at exports._exceptionWithHostPort (util.js:1041:20)\n    at Server._listen2 (net.js:1262:14)\n    at listen (net.js:1298:10)\n    at Server.listen (net.js:1394:5)\n    at EventEmitter.listen (/home/ianagez/IdeaProjects/sysadmin_ui_tests/node_modules/express/lib/application.js:618:24)\n    at Object.<anonymous> (/home/ianagez/IdeaProjects/sysadmin_ui_tests/app.js:316:5)\n    at Module._compile (module.js:570:32)\n    at Object.Module._extensions..js (module.js:579:10)\n    at Module.load (module.js:487:32)","code":"EADDRINUSE","errno":"EADDRINUSE","syscall":"listen","address":"::","port":8080,"level":"error","timestamp":"2017-06-07T13:24:25.694Z"}
{"message":"Server process failed! Reason:","stack":"Error: listen EADDRINUSE :::8080\n    at Object.exports._errnoException (util.js:1018:11)\n    at exports._exceptionWithHostPort (util.js:1041:20)\n    at Server._listen2 (net.js:1262:14)\n    at listen (net.js:1298:10)\n    at Server.listen (net.js:1394:5)\n    at EventEmitter.listen (/home/ianagez/IdeaProjects/sysadmin_ui_tests/node_modules/express/lib/application.js:618:24)\n    at Object.<anonymous> (/home/ianagez/IdeaProjects/sysadmin_ui_tests/app.js:316:5)\n    at Module._compile (module.js:570:32)\n    at Object.Module._extensions..js (module.js:579:10)\n    at Module.load (module.js:487:32)","code":"EADDRINUSE","errno":"EADDRINUSE","syscall":"listen","address":"::","port":8080,"level":"error","timestamp":"2017-06-07T13:25:25.655Z"}
{"level":"info","message":"app.get /sysadmin","timestamp":"2017-06-07T13:25:30.927Z"}
{"level":"info","message":"app.get /sysadmin/app_state","timestamp":"2017-06-07T13:25:32.364Z"}
{"level":"info","message":"app.get /sysadmin/startup_parameters","timestamp":"2017-06-07T13:25:40.658Z"}
{"level":"info","message":"app.get /sysadmin/startup_parameters/get_app_config","timestamp":"2017-06-07T13:25:40.940Z"}
{"level":"info","message":"app.get /sysadmin/startup_parameters","timestamp":"2017-06-07T13:25:41.538Z"}
{"level":"info","message":"app.get /sysadmin/startup_parameters/get_app_config","timestamp":"2017-06-07T13:25:41.578Z"}
{"level":"info","message":"app.get /sysadmin","timestamp":"2017-06-07T13:25:58.881Z"}
{"level":"info","message":"app.get /sysadmin/app_state","timestamp":"2017-06-07T13:26:00.217Z"}
{"level":"info","message":"app.get /sysadmin/startup_parameters","timestamp":"2017-06-07T13:26:00.736Z"}
{"level":"info","message":"app.get /sysadmin/startup_parameters/get_app_config","timestamp":"2017-06-07T13:26:01.100Z"}
{"message":"Server process failed! Reason:","stack":"Error: listen EADDRINUSE :::8080\n    at Object.exports._errnoException (util.js:1018:11)\n    at exports._exceptionWithHostPort (util.js:1041:20)\n    at Server._listen2 (net.js:1262:14)\n    at listen (net.js:1298:10)\n    at Server.listen (net.js:1394:5)\n    at EventEmitter.listen (/home/ianagez/IdeaProjects/sysadmin_ui_tests/node_modules/express/lib/application.js:618:24)\n    at Object.<anonymous> (/home/ianagez/IdeaProjects/sysadmin_ui_tests/app.js:316:5)\n    at Module._compile (module.js:570:32)\n    at Object.Module._extensions..js (module.js:579:10)\n    at Module.load (module.js:487:32)","code":"EADDRINUSE","errno":"EADDRINUSE","syscall":"listen","address":"::","port":8080,"level":"error","timestamp":"2017-06-07T13:26:22.043Z"}
{"level":"info","message":"app.get /sysadmin","timestamp":"2017-06-07T13:27:06.652Z"}
{"level":"info","message":"app.get /sysadmin/app_state","timestamp":"2017-06-07T13:27:08.090Z"}
{"level":"info","message":"app.get /sysadmin/startup_parameters","timestamp":"2017-06-07T13:27:08.589Z"}
{"level":"info","message":"app.get /sysadmin/startup_parameters/get_app_config","timestamp":"2017-06-07T13:27:08.932Z"}
{"level":"info","message":"app.get /sysadmin","timestamp":"2017-06-07T13:43:45.981Z"}
{"level":"info","message":"app.get /sysadmin/app_state","timestamp":"2017-06-07T13:43:47.284Z"}
{"level":"info","message":"app.get /sysadmin/startup_parameters","timestamp":"2017-06-07T13:43:47.793Z"}
{"level":"info","message":"app.get /sysadmin/startup_parameters/get_app_config","timestamp":"2017-06-07T13:43:48.138Z"}
{"level":"info","message":"app.get /sysadmin","timestamp":"2017-06-07T13:46:06.290Z"}
{"level":"info","message":"app.get /sysadmin/app_state","timestamp":"2017-06-07T13:46:07.606Z"}
{"level":"info","message":"app.get /sysadmin/startup_parameters","timestamp":"2017-06-07T13:46:08.169Z"}
{"level":"info","message":"app.get /sysadmin/startup_parameters/get_app_config","timestamp":"2017-06-07T13:46:08.527Z"}
{"level":"info","message":"app.get /sysadmin","timestamp":"2017-06-07T13:47:58.890Z"}
{"level":"info","message":"app.get /sysadmin/app_state","timestamp":"2017-06-07T13:48:00.028Z"}
{"level":"info","message":"app.get /sysadmin/startup_parameters","timestamp":"2017-06-07T13:48:00.544Z"}
{"level":"info","message":"app.get /sysadmin/startup_parameters/get_app_config","timestamp":"2017-06-07T13:48:00.916Z"}
{"level":"info","message":"app.get /sysadmin","timestamp":"2017-06-07T13:52:06.549Z"}
{"level":"info","message":"app.get /sysadmin/app_state","timestamp":"2017-06-07T13:52:07.886Z"}
{"level":"info","message":"app.get /sysadmin/startup_parameters","timestamp":"2017-06-07T13:52:08.434Z"}
{"level":"info","message":"app.get /sysadmin/startup_parameters/get_app_config","timestamp":"2017-06-07T13:52:08.782Z"}
{"level":"info","message":"app.get /sysadmin","timestamp":"2017-06-07T13:53:57.772Z"}
{"level":"info","message":"app.get /sysadmin/app_state","timestamp":"2017-06-07T13:53:59.095Z"}
{"level":"info","message":"app.get /sysadmin/startup_parameters","timestamp":"2017-06-07T13:53:59.632Z"}
{"level":"info","message":"app.get /sysadmin/startup_parameters/get_app_config","timestamp":"2017-06-07T13:54:00.017Z"}
{"level":"info","message":"app.get /sysadmin","timestamp":"2017-06-07T14:08:53.317Z"}
{"level":"info","message":"app.get /sysadmin/app_state","timestamp":"2017-06-07T14:08:54.569Z"}
{"level":"info","message":"app.get /sysadmin/startup_parameters","timestamp":"2017-06-07T14:08:55.163Z"}
{"level":"info","message":"app.get /sysadmin/startup_parameters/get_app_config","timestamp":"2017-06-07T14:08:55.507Z"}
{"level":"info","message":"app.get /sysadmin","timestamp":"2017-06-07T14:13:32.625Z"}
{"level":"info","message":"app.get /sysadmin/app_state","timestamp":"2017-06-07T14:13:33.840Z"}
{"level":"info","message":"app.get /sysadmin/startup_parameters","timestamp":"2017-06-07T14:13:34.387Z"}
{"level":"info","message":"app.get /sysadmin/startup_parameters/get_app_config","timestamp":"2017-06-07T14:13:34.774Z"}
{"level":"info","message":"app.get /sysadmin","timestamp":"2017-06-07T14:16:39.600Z"}
{"level":"info","message":"app.get /sysadmin/app_state","timestamp":"2017-06-07T14:16:40.898Z"}
{"level":"info","message":"app.get /sysadmin/startup_parameters","timestamp":"2017-06-07T14:16:41.553Z"}
{"level":"info","message":"app.get /sysadmin/startup_parameters/get_app_config","timestamp":"2017-06-07T14:16:41.952Z"}
{"level":"info","message":"app.get /sysadmin","timestamp":"2017-06-07T14:17:37.266Z"}
{"level":"info","message":"app.get /sysadmin/app_state","timestamp":"2017-06-07T14:17:38.793Z"}
{"level":"info","message":"app.get /sysadmin/startup_parameters","timestamp":"2017-06-07T14:17:39.366Z"}
{"level":"info","message":"app.get /sysadmin/startup_parameters/get_app_config","timestamp":"2017-06-07T14:17:39.745Z"}
{"level":"info","message":"app.get /sysadmin","timestamp":"2017-06-07T14:18:12.673Z"}
{"level":"info","message":"app.get /sysadmin/app_state","timestamp":"2017-06-07T14:18:13.922Z"}
{"level":"info","message":"app.get /sysadmin/startup_parameters","timestamp":"2017-06-07T14:18:14.485Z"}
{"level":"info","message":"app.get /sysadmin/startup_parameters/get_app_config","timestamp":"2017-06-07T14:18:14.887Z"}
{"level":"info","message":"app.get /sysadmin","timestamp":"2017-06-07T14:20:04.730Z"}
{"level":"info","message":"app.get /sysadmin/app_state","timestamp":"2017-06-07T14:20:06.022Z"}
{"level":"info","message":"app.get /sysadmin/startup_parameters","timestamp":"2017-06-07T14:20:06.564Z"}
{"level":"info","message":"app.get /sysadmin/startup_parameters/get_app_config","timestamp":"2017-06-07T14:20:06.957Z"}
{"level":"info","message":"app.get /sysadmin","timestamp":"2017-06-07T14:22:21.150Z"}
{"level":"info","message":"app.get /sysadmin/app_state","timestamp":"2017-06-07T14:22:22.343Z"}
{"level":"info","message":"app.get /sysadmin/startup_parameters","timestamp":"2017-06-07T14:22:23.103Z"}
{"level":"info","message":"app.get /sysadmin/startup_parameters/get_app_config","timestamp":"2017-06-07T14:22:23.499Z"}
{"level":"info","message":"app.get /sysadmin","timestamp":"2017-06-07T14:23:21.777Z"}
{"level":"info","message":"app.get /sysadmin/app_state","timestamp":"2017-06-07T14:23:23.024Z"}
{"level":"info","message":"app.get /sysadmin/startup_parameters","timestamp":"2017-06-07T14:23:23.560Z"}
{"level":"info","message":"app.get /sysadmin/startup_parameters/get_app_config","timestamp":"2017-06-07T14:23:23.868Z"}
{"level":"info","message":"app.get /sysadmin","timestamp":"2017-06-07T14:24:10.558Z"}
{"level":"info","message":"app.get /sysadmin/app_state","timestamp":"2017-06-07T14:24:11.889Z"}
{"level":"info","message":"app.get /sysadmin/startup_parameters","timestamp":"2017-06-07T14:24:12.469Z"}
{"level":"info","message":"app.get /sysadmin/startup_parameters/get_app_config","timestamp":"2017-06-07T14:24:12.835Z"}
{"level":"info","message":"app.get /sysadmin","timestamp":"2017-06-07T14:24:33.601Z"}
{"level":"info","message":"app.get /sysadmin/app_state","timestamp":"2017-06-07T14:24:34.844Z"}
{"level":"info","message":"app.get /sysadmin/startup_parameters","timestamp":"2017-06-07T14:24:35.431Z"}
{"level":"info","message":"app.get /sysadmin/startup_parameters/get_app_config","timestamp":"2017-06-07T14:24:35.785Z"}
{"level":"info","message":"app.get /sysadmin","timestamp":"2017-06-07T14:25:23.797Z"}
{"level":"info","message":"app.get /sysadmin/app_state","timestamp":"2017-06-07T14:25:24.951Z"}
{"level":"info","message":"app.get /sysadmin/startup_parameters","timestamp":"2017-06-07T14:25:25.473Z"}
{"level":"info","message":"app.get /sysadmin/startup_parameters/get_app_config","timestamp":"2017-06-07T14:25:25.776Z"}
{"level":"info","message":"app.get /sysadmin","timestamp":"2017-06-07T14:26:21.260Z"}
{"level":"info","message":"app.get /sysadmin/app_state","timestamp":"2017-06-07T14:26:22.527Z"}
{"level":"info","message":"app.get /sysadmin/startup_parameters","timestamp":"2017-06-07T14:26:23.076Z"}
{"level":"info","message":"app.get /sysadmin/startup_parameters/get_app_config","timestamp":"2017-06-07T14:26:23.448Z"}
{"level":"info","message":"app.get /sysadmin","timestamp":"2017-06-07T14:26:56.351Z"}
{"level":"info","message":"app.get /sysadmin/app_state","timestamp":"2017-06-07T14:26:58.018Z"}
{"level":"info","message":"app.get /sysadmin/startup_parameters","timestamp":"2017-06-07T14:26:58.793Z"}
{"level":"info","message":"app.get /sysadmin/startup_parameters/get_app_config","timestamp":"2017-06-07T14:26:59.115Z"}
{"level":"info","message":"app.get /sysadmin","timestamp":"2017-06-07T14:28:25.677Z"}
{"level":"info","message":"app.get /sysadmin/app_state","timestamp":"2017-06-07T14:28:26.987Z"}
{"level":"info","message":"app.get /sysadmin/startup_parameters","timestamp":"2017-06-07T14:28:27.520Z"}
{"level":"info","message":"app.get /sysadmin/startup_parameters/get_app_config","timestamp":"2017-06-07T14:28:27.905Z"}
{"level":"info","message":"app.get /sysadmin","timestamp":"2017-06-07T14:30:14.524Z"}
{"level":"info","message":"app.get /sysadmin/app_state","timestamp":"2017-06-07T14:30:15.869Z"}
{"level":"info","message":"app.get /sysadmin/startup_parameters","timestamp":"2017-06-07T14:30:16.429Z"}
{"level":"info","message":"app.get /sysadmin/startup_parameters/get_app_config","timestamp":"2017-06-07T14:30:16.765Z"}
{"level":"info","message":"app.get /sysadmin","timestamp":"2017-06-07T14:30:56.457Z"}
{"level":"info","message":"app.get /sysadmin/app_state","timestamp":"2017-06-07T14:30:57.572Z"}
{"level":"info","message":"app.get /sysadmin/startup_parameters","timestamp":"2017-06-07T14:30:58.098Z"}
{"level":"info","message":"app.get /sysadmin/startup_parameters/get_app_config","timestamp":"2017-06-07T14:30:58.471Z"}
{"level":"info","message":"app.get /sysadmin","timestamp":"2017-06-07T14:38:17.498Z"}
{"level":"info","message":"app.get /sysadmin/app_state","timestamp":"2017-06-07T14:38:18.767Z"}
{"level":"info","message":"app.get /sysadmin/startup_parameters","timestamp":"2017-06-07T14:38:19.348Z"}
{"level":"info","message":"app.get /sysadmin/startup_parameters/get_app_config","timestamp":"2017-06-07T14:38:19.695Z"}
{"level":"info","message":"app.get /sysadmin","timestamp":"2017-06-07T14:40:04.070Z"}
{"level":"info","message":"app.get /sysadmin/app_state","timestamp":"2017-06-07T14:40:05.427Z"}
{"level":"info","message":"app.get /sysadmin/startup_parameters","timestamp":"2017-06-07T14:40:06.000Z"}
{"level":"info","message":"app.get /sysadmin/startup_parameters/get_app_config","timestamp":"2017-06-07T14:40:06.372Z"}
{"level":"info","message":"app.get /sysadmin","timestamp":"2017-06-07T14:40:57.904Z"}
{"level":"info","message":"app.get /sysadmin/app_state","timestamp":"2017-06-07T14:40:59.092Z"}
{"level":"info","message":"app.get /sysadmin/startup_parameters","timestamp":"2017-06-07T14:41:00.353Z"}
{"level":"info","message":"app.get /sysadmin/startup_parameters/get_app_config","timestamp":"2017-06-07T14:41:00.673Z"}
{"message":"Server process failed! Reason:","stack":"Error: listen EADDRINUSE :::8080\n    at Object.exports._errnoException (util.js:1018:11)\n    at exports._exceptionWithHostPort (util.js:1041:20)\n    at Server._listen2 (net.js:1262:14)\n    at listen (net.js:1298:10)\n    at Server.listen (net.js:1394:5)\n    at EventEmitter.listen (/home/ianagez/IdeaProjects/sysadmin_ui_tests/node_modules/express/lib/application.js:618:24)\n    at Object.<anonymous> (/home/ianagez/IdeaProjects/sysadmin_ui_tests/app.js:316:5)\n    at Module._compile (module.js:570:32)\n    at Object.Module._extensions..js (module.js:579:10)\n    at Module.load (module.js:487:32)","code":"EADDRINUSE","errno":"EADDRINUSE","syscall":"listen","address":"::","port":8080,"level":"error","timestamp":"2017-06-07T14:49:02.752Z"}
{"level":"info","message":"app.get /sysadmin","timestamp":"2017-06-07T14:49:11.585Z"}
{"level":"info","message":"app.get /sysadmin/app_state","timestamp":"2017-06-07T14:49:12.915Z"}
{"level":"info","message":"app.get /sysadmin/startup_parameters","timestamp":"2017-06-07T14:49:18.195Z"}
{"level":"info","message":"app.get /sysadmin/startup_parameters/get_app_config","timestamp":"2017-06-07T14:49:18.450Z"}
{"level":"info","message":"app.get /sysadmin","timestamp":"2017-06-07T14:50:54.715Z"}
{"level":"info","message":"app.get /sysadmin/app_state","timestamp":"2017-06-07T14:50:56.140Z"}
{"level":"info","message":"app.get /sysadmin/startup_parameters","timestamp":"2017-06-07T14:50:59.432Z"}
{"level":"info","message":"app.get /sysadmin/startup_parameters/get_app_config","timestamp":"2017-06-07T14:50:59.699Z"}
{"level":"info","message":"app.get /sysadmin","timestamp":"2017-06-07T14:51:24.816Z"}
{"level":"info","message":"app.get /sysadmin/app_state","timestamp":"2017-06-07T14:51:26.547Z"}
{"level":"info","message":"app.get /sysadmin/reports_config","timestamp":"2017-06-07T14:55:30.365Z"}
{"level":"info","message":"app.get /sysadmin/startup_parameters","timestamp":"2017-06-07T14:55:36.583Z"}
{"level":"info","message":"app.get /sysadmin/startup_parameters/get_app_config","timestamp":"2017-06-07T14:55:37.010Z"}
{"level":"info","message":"app.get /sysadmin/reports_config","timestamp":"2017-06-07T14:55:41.812Z"}
{"level":"info","message":"app.get /sysadmin/reports_config","timestamp":"2017-06-07T14:55:41.840Z"}
{"level":"info","message":"app.get /sysadmin","timestamp":"2017-06-07T15:03:37.497Z"}
{"level":"info","message":"app.get /sysadmin/app_state","timestamp":"2017-06-07T15:03:39.100Z"}
{"level":"info","message":"app.get /sysadmin/startup_parameters","timestamp":"2017-06-07T15:03:44.246Z"}
{"level":"info","message":"app.get /sysadmin/startup_parameters/get_app_config","timestamp":"2017-06-07T15:03:44.501Z"}
{"level":"info","message":"app.get /sysadmin","timestamp":"2017-06-07T15:05:47.638Z"}
{"level":"info","message":"app.get /sysadmin/app_state","timestamp":"2017-06-07T15:05:49.100Z"}
{"level":"info","message":"app.get /sysadmin","timestamp":"2017-06-07T15:05:55.047Z"}
{"level":"info","message":"app.get /sysadmin/app_state","timestamp":"2017-06-07T15:05:56.762Z"}
{"level":"info","message":"app.get /sysadmin","timestamp":"2017-06-07T15:06:25.548Z"}
{"level":"info","message":"app.get /sysadmin/app_state","timestamp":"2017-06-07T15:06:27.333Z"}
{"level":"info","message":"app.get /sysadmin","timestamp":"2017-06-07T15:06:41.838Z"}
{"level":"info","message":"app.get /sysadmin/app_state","timestamp":"2017-06-07T15:06:43.620Z"}
{"level":"info","message":"app.get /sysadmin/startup_parameters","timestamp":"2017-06-07T15:06:55.335Z"}
{"level":"info","message":"app.get /sysadmin/startup_parameters/get_app_config","timestamp":"2017-06-07T15:06:55.810Z"}
{"message":"Server process failed! Reason:","stack":"Error: listen EADDRINUSE :::8080\n    at Object.exports._errnoException (util.js:1018:11)\n    at exports._exceptionWithHostPort (util.js:1041:20)\n    at Server._listen2 (net.js:1262:14)\n    at listen (net.js:1298:10)\n    at Server.listen (net.js:1394:5)\n    at EventEmitter.listen (/home/ianagez/IdeaProjects/sysadmin_ui_tests/node_modules/express/lib/application.js:618:24)\n    at Object.<anonymous> (/home/ianagez/IdeaProjects/sysadmin_ui_tests/app.js:316:5)\n    at Module._compile (module.js:570:32)\n    at Object.Module._extensions..js (module.js:579:10)\n    at Module.load (module.js:487:32)","code":"EADDRINUSE","errno":"EADDRINUSE","syscall":"listen","address":"::","port":8080,"level":"error","timestamp":"2017-06-07T15:07:26.979Z"}
{"level":"info","message":"app.get /sysadmin","timestamp":"2017-06-07T15:07:30.945Z"}
{"level":"info","message":"app.get /sysadmin/app_state","timestamp":"2017-06-07T15:07:32.350Z"}
{"level":"info","message":"app.get /sysadmin","timestamp":"2017-06-07T15:07:40.001Z"}
{"level":"info","message":"app.get /sysadmin/app_state","timestamp":"2017-06-07T15:07:41.672Z"}
{"level":"info","message":"app.get /sysadmin","timestamp":"2017-06-07T15:08:04.389Z"}
{"level":"info","message":"app.get /sysadmin/app_state","timestamp":"2017-06-07T15:08:05.695Z"}
{"level":"info","message":"app runs on port 8080","timestamp":"2017-06-07T15:09:55.037Z"}
{"level":"info","message":"app.get /sysadmin","timestamp":"2017-06-07T15:10:00.283Z"}
{"level":"info","message":"app.get /sysadmin/app_state","timestamp":"2017-06-07T15:10:03.223Z"}
